<?xml version="1.0" encoding="utf-8"?><testsuites name="pytest tests"><testsuite name="pytest" errors="0" failures="0" skipped="0" tests="19" time="16.428" timestamp="2026-08-29T04:30:38.214088+00:00" hostname="agent-env-238a10a7-2be8-4c4b-9168-52dcae065041"><testcase classname="tests.test_sentinelguard_backend.TestPolicies" name="test_list_defaults" time="0.209" /><testcase classname="tests.test_sentinelguard_backend.TestSecureChat" name="test_email_masked" time="6.287" /><testcase classname="tests.test_sentinelguard_backend.TestPolicies" name="test_policy_crud_and_effect" time="5.984" /><testcase classname="tests.test_sentinelguard_backend.TestPolicies" name="test_delete_missing_404" time="0.054" /><testcase classname="tests.test_sentinelguard_backend.TestEvents" name="test_events_no_raw_pii" time="0.052" /><testcase classname="tests.test_sentinelguard_backend.TestSecureChat" name="test_api_key_blocked" time="0.088" /><testcase classname="tests.test_sentinelguard_backend.TestEvents" name="test_events_search" time="0.063" /><testcase classname="tests.test_sentinelguard_backend.TestAuditLogs" name="test_pagination_and_filter" time="0.113" /><testcase classname="tests.test_sentinelguard_backend.TestSecureChat" name="test_clean_allowed_claude" time="1.414" /><testcase classname="tests.test_sentinelguard_backend.TestAuditLogs" name="test_search" time="0.058" /><testcase classname="tests.test_sentinelguard_backend.TestDashboard" name="test_stats_shape" time="0.058" /><testcase classname="tests.test_sentinelguard_backend.TestSettings" name="test_get_and_persist" time="0.213" /><testcase classname="tests.test_sentinelguard_backend.TestSecureChat" name="test_clean_allowed_openai" time="0.663" /><testcase classname="tests.test_sentinelguard_backend.TestSecureChat" name="test_credit_card_blocked" time="0.120" /><testcase classname="tests.test_sentinelguard_backend.TestSecureChat" name="test_phone_masked" time="2.287" /><testcase classname="tests.test_sentinelguard_backend.TestSecureChat" name="test_combo_higher_risk" time="1.971" /><testcase classname="tests.test_sentinelguard_backend.TestSecureChat" name="test_local_ai_error" time="0.049" /><testcase classname="tests.test_sentinelguard_backend.TestSecureChat" name="test_multi_turn_same_session" time="2.952" /><testcase classname="tests.test_sentinelguard_backend.TestSecureChat" name="test_empty_message_400" time="0.043" /></testsuite></testsuites>